<?xml version="1.0" encoding="UTF-8"?>
<!-- Generated by org.testng.reporters.JUnitReportReporter -->
<testsuite hostname="Prems-MacBook-Air.local" failures="0" tests="1" name="com.bridgelabz.test.CountAllElementsTest" time="43.774" errors="0" timestamp="2020-01-11T19:11:22 IST" skipped="0">
  <testcase classname="com.bridgelabz.test.CountAllElementsTest" name="countAllElementsTest" time="43.774"/>
</testsuite> <!-- com.bridgelabz.test.CountAllElementsTest -->
