<?xml version="1.0" encoding="UTF-8"?>
<!-- Generated by org.testng.reporters.JUnitReportReporter -->
<testsuite hostname="Prems-MacBook-Air.local" failures="0" tests="1" name="com.bridgelabz.test.HandalAlert" time="24.935" errors="0" timestamp="2020-01-11T12:53:19 IST" skipped="0">
  <testcase classname="com.bridgelabz.test.HandalAlert" name="handalAlertTest" time="24.935"/>
</testsuite> <!-- com.bridgelabz.test.HandalAlert -->
