<?xml version="1.0" encoding="UTF-8"?>
<!-- Generated by org.testng.reporters.JUnitReportReporter -->
<testsuite hostname="Prems-MacBook-Air.local" failures="0" tests="1" name="com.bridgelabz.test.CountAllElements" time="43.313" errors="0" timestamp="2020-01-11T19:03:57 IST" skipped="0">
  <testcase classname="com.bridgelabz.test.CountAllElements" name="countAllElementsTest" time="43.313"/>
</testsuite> <!-- com.bridgelabz.test.CountAllElements -->
