<?xml version="1.0" encoding="UTF-8"?>
<!-- Generated by org.testng.reporters.JUnitReportReporter -->
<testsuite hostname="Prems-MacBook-Air.local" failures="0" tests="1" name="com.bridgelabz.test.ActionSheet" time="80.402" errors="0" timestamp="2020-01-11T17:02:25 IST" skipped="0">
  <testcase classname="com.bridgelabz.test.ActionSheet" name="actionSheetTest" time="80.402"/>
</testsuite> <!-- com.bridgelabz.test.ActionSheet -->
